mode: atomic
github.com/prologic/golinks/bookmarks.go:19.33,21.2 1 5
github.com/prologic/golinks/bookmarks.go:24.32,26.2 1 5
github.com/prologic/golinks/bookmarks.go:29.74,31.13 2 4
github.com/prologic/golinks/bookmarks.go:34.2,34.44 1 4
github.com/prologic/golinks/bookmarks.go:31.13,33.3 1 2
github.com/prologic/golinks/bookmarks.go:38.63,40.41 2 30
github.com/prologic/golinks/bookmarks.go:56.2,56.16 1 30
github.com/prologic/golinks/bookmarks.go:60.2,60.8 1 30
github.com/prologic/golinks/bookmarks.go:40.41,42.15 2 29
github.com/prologic/golinks/bookmarks.go:46.3,47.15 2 28
github.com/prologic/golinks/bookmarks.go:53.3,53.13 1 28
github.com/prologic/golinks/bookmarks.go:42.15,44.4 1 1
github.com/prologic/golinks/bookmarks.go:47.15,51.4 3 13
github.com/prologic/golinks/bookmarks.go:56.16,58.3 1 1
github.com/prologic/golinks/commands.go:22.13,31.2 8 1
github.com/prologic/golinks/commands.go:34.52,36.2 1 8
github.com/prologic/golinks/commands.go:39.41,42.8 3 6
github.com/prologic/golinks/commands.go:45.2,45.12 1 3
github.com/prologic/golinks/commands.go:42.8,44.3 1 3
github.com/prologic/golinks/commands.go:52.29,54.2 1 1
github.com/prologic/golinks/commands.go:57.29,62.2 1 1
github.com/prologic/golinks/commands.go:65.81,68.2 2 3
github.com/prologic/golinks/commands.go:74.29,76.2 1 1
github.com/prologic/golinks/commands.go:79.29,84.2 1 1
github.com/prologic/golinks/commands.go:87.81,90.43 2 1
github.com/prologic/golinks/commands.go:103.2,103.16 1 1
github.com/prologic/golinks/commands.go:107.2,107.26 1 1
github.com/prologic/golinks/commands.go:111.2,121.12 2 1
github.com/prologic/golinks/commands.go:90.43,92.15 2 1
github.com/prologic/golinks/commands.go:96.3,96.44 1 1
github.com/prologic/golinks/commands.go:101.3,101.13 1 1
github.com/prologic/golinks/commands.go:92.15,94.4 1 0
github.com/prologic/golinks/commands.go:96.44,99.4 2 12
github.com/prologic/golinks/commands.go:103.16,105.3 1 0
github.com/prologic/golinks/commands.go:107.26,109.3 1 7
github.com/prologic/golinks/commands.go:128.29,130.2 1 1
github.com/prologic/golinks/commands.go:133.29,138.2 1 1
github.com/prologic/golinks/commands.go:141.81,144.2 2 1
github.com/prologic/golinks/commands.go:150.29,152.2 1 1
github.com/prologic/golinks/commands.go:155.29,160.2 1 1
github.com/prologic/golinks/commands.go:163.81,166.2 2 1
github.com/prologic/golinks/commands.go:172.29,174.2 1 1
github.com/prologic/golinks/commands.go:177.29,182.2 1 1
github.com/prologic/golinks/commands.go:185.81,188.2 2 1
github.com/prologic/golinks/commands.go:194.28,196.2 1 1
github.com/prologic/golinks/commands.go:199.28,210.2 1 1
github.com/prologic/golinks/commands.go:213.80,216.20 2 15
github.com/prologic/golinks/commands.go:222.2,222.43 1 15
github.com/prologic/golinks/commands.go:240.2,240.12 1 15
github.com/prologic/golinks/commands.go:216.20,218.3 1 15
github.com/prologic/golinks/commands.go:218.8,220.3 1 0
github.com/prologic/golinks/commands.go:222.43,224.17 2 14
github.com/prologic/golinks/commands.go:229.3,230.17 2 14
github.com/prologic/golinks/commands.go:235.3,237.13 2 14
github.com/prologic/golinks/commands.go:224.17,227.4 2 0
github.com/prologic/golinks/commands.go:230.17,233.4 2 0
github.com/prologic/golinks/commands.go:248.31,250.2 1 1
github.com/prologic/golinks/commands.go:253.31,262.2 1 1
github.com/prologic/golinks/commands.go:265.83,268.20 2 1
github.com/prologic/golinks/commands.go:274.2,274.43 1 1
github.com/prologic/golinks/commands.go:291.2,291.12 1 1
github.com/prologic/golinks/commands.go:268.20,270.3 1 1
github.com/prologic/golinks/commands.go:270.8,272.3 1 0
github.com/prologic/golinks/commands.go:274.43,276.15 2 1
github.com/prologic/golinks/commands.go:280.3,281.17 2 1
github.com/prologic/golinks/commands.go:286.3,288.13 2 1
github.com/prologic/golinks/commands.go:276.15,278.4 1 0
github.com/prologic/golinks/commands.go:281.17,284.4 2 0
github.com/prologic/golinks/defaults.go:13.13,28.2 1 1
github.com/prologic/golinks/defaults.go:31.37,32.37 1 3
github.com/prologic/golinks/defaults.go:44.2,44.12 1 2
github.com/prologic/golinks/defaults.go:32.37,33.38 1 25
github.com/prologic/golinks/defaults.go:33.38,39.47 5 14
github.com/prologic/golinks/defaults.go:39.47,41.5 1 1
github.com/prologic/golinks/main.go:17.13,39.13 10 0
github.com/prologic/golinks/main.go:44.2,50.16 6 0
github.com/prologic/golinks/main.go:53.2,56.16 3 0
github.com/prologic/golinks/main.go:60.2,60.39 1 0
github.com/prologic/golinks/main.go:39.13,42.3 2 0
github.com/prologic/golinks/main.go:50.16,52.3 1 0
github.com/prologic/golinks/main.go:56.16,58.3 1 0
github.com/prologic/golinks/rice-box.go:9.13,59.2 6 1
github.com/prologic/golinks/utils.go:8.40,10.14 2 0
github.com/prologic/golinks/utils.go:13.2,13.10 1 0
github.com/prologic/golinks/utils.go:10.14,12.3 1 0
github.com/prologic/golinks/version.go:19.27,21.2 1 0
github.com/prologic/golinks/server.go:29.30,34.2 2 10
github.com/prologic/golinks/server.go:36.37,38.2 1 8
github.com/prologic/golinks/server.go:40.37,42.2 1 0
github.com/prologic/golinks/server.go:44.48,46.2 1 0
github.com/prologic/golinks/server.go:48.48,50.2 1 0
github.com/prologic/golinks/server.go:67.78,69.16 2 3
github.com/prologic/golinks/server.go:73.2,73.16 1 3
github.com/prologic/golinks/server.go:69.16,71.3 1 1
github.com/prologic/golinks/server.go:73.16,75.17 2 2
github.com/prologic/golinks/server.go:75.17,77.4 1 0
github.com/prologic/golinks/server.go:82.51,83.75 1 27
github.com/prologic/golinks/server.go:83.75,96.14 4 7
github.com/prologic/golinks/server.go:100.3,100.14 1 7
github.com/prologic/golinks/server.go:110.3,110.16 1 7
github.com/prologic/golinks/server.go:96.14,98.4 1 1
github.com/prologic/golinks/server.go:100.14,102.23 2 6
github.com/prologic/golinks/server.go:102.23,104.5 1 6
github.com/prologic/golinks/server.go:105.9,108.4 2 1
github.com/prologic/golinks/server.go:110.16,112.4 1 1
github.com/prologic/golinks/server.go:112.9,113.53 1 6
github.com/prologic/golinks/server.go:113.53,115.19 2 3
github.com/prologic/golinks/server.go:115.19,124.6 1 1
github.com/prologic/golinks/server.go:125.10,125.54 1 3
github.com/prologic/golinks/server.go:125.54,128.5 2 1
github.com/prologic/golinks/server.go:128.10,129.27 1 2
github.com/prologic/golinks/server.go:129.27,131.17 2 1
github.com/prologic/golinks/server.go:134.6,134.48 1 1
github.com/prologic/golinks/server.go:131.17,133.7 1 1
github.com/prologic/golinks/server.go:135.11,141.6 1 1
github.com/prologic/golinks/server.go:148.50,149.75 1 10
github.com/prologic/golinks/server.go:149.75,153.3 2 0
github.com/prologic/golinks/server.go:157.56,158.75 1 11
github.com/prologic/golinks/server.go:158.75,169.3 3 1
github.com/prologic/golinks/server.go:173.51,174.75 1 10
github.com/prologic/golinks/server.go:174.75,177.17 3 0
github.com/prologic/golinks/server.go:180.3,180.14 1 0
github.com/prologic/golinks/server.go:177.17,179.4 1 0
github.com/prologic/golinks/server.go:185.35,198.2 1 0
github.com/prologic/golinks/server.go:200.31,208.2 6 10
github.com/prologic/golinks/server.go:211.52,247.2 12 10
github.com/prologic/golinks/templates.go:31.43,36.2 1 10
github.com/prologic/golinks/templates.go:38.67,43.2 3 20
github.com/prologic/golinks/templates.go:45.77,50.9 4 3
github.com/prologic/golinks/templates.go:55.2,57.16 3 2
github.com/prologic/golinks/templates.go:62.2,62.17 1 2
github.com/prologic/golinks/templates.go:50.9,53.3 2 1
github.com/prologic/golinks/templates.go:57.16,60.3 2 0
